000011.896|cmp  |*|00|Initial log entry. Current logging level 4
000011.896|wmgr |*|00|Initial log entry. Current logging level 4
000011.924|slog |*|00|Initial log entry. Current logging level 4
000011.926|so   |4|00|Could not find IP address for SNTP server.
000012.098|app1 |*|00|Initial log entry. Current logging level 4
000012.098|app1 |4|00|Default StatusBar is disabled
000012.102|app1 |4|00|mb.main.home parameter is empty
000012.104|mb   |*|00|Initial log entry. Current logging level 4
000012.116|app1 |*|00|î∂ÅîbFpî∂É is out of range, using 3600
000012.116|app1 |*|00|î∂ÅîbFpî∂É is out of range, using 3600
000012.116|app1 |*|00|î∂ÅîbFpî∂É is out of range, using 3600
000012.116|app1 |*|00|î∂ÅîbFpî∂É is out of range, using 3600
000012.194|ldap |*|00|Initial log entry. Current logging level 4
000012.194|ldap |4|00|ldap: Not Enabled
000012.194|ldap |4|00|cDynamicData::cDynamicData:cDynamicData:Failed
000012.210|efk  |*|00|Initial log entry. Current logging level 4
000012.224|so   |*|00|User registration (6001) [0-6001]
000012.584|copy |4|00|Error downloading '/rfs0/SoundPointIP-dictionary.xml', this file has now been removed
000012.590|res  |4|00|[ResFinderC]: Download - Failed to download file SoundPointIPLocalization/French_France/SoundPointIP-dictionary.xml, errno 0x380003.
000012.592|so   |4|00|[SoLangC]: Failed to load new language - Rolling back to default language
000116.602|copy |4|00|Error downloading '/rfs0/SoundPointIP-dictionary.xml', this file has now been removed
000116.608|res  |4|00|[ResFinderC]: Download - Failed to download file SoundPointIPLocalization/French_France/SoundPointIP-dictionary.xml, errno 0x380003.
000116.610|so   |4|00|[SoLangC]: Failed to load new language - Rolling back to default language
003117.120|copy |4|00|Error downloading '/rfs0/SoundPointIP-dictionary.xml', this file has now been removed
003117.128|res  |4|00|[ResFinderC]: Download - Failed to download file SoundPointIPLocalization/Danish_Denmark/SoundPointIP-dictionary.xml, errno 0x380003.
003117.130|so   |4|00|[SoLangC]: Failed to load new language - Rolling back to default language
003143.464|copy |4|00|Error downloading '/rfs0/SoundPointIP-dictionary.xml', this file has now been removed
003143.472|res  |4|00|[ResFinderC]: Download - Failed to download file SoundPointIPLocalization/French_France/SoundPointIP-dictionary.xml, errno 0x380003.
003143.474|so   |4|00|[SoLangC]: Failed to load new language - Rolling back to default language
003333.620|copy |4|00|Error downloading '/rfs0/SoundPointIP-dictionary.xml', this file has now been removed
003333.626|res  |4|00|[ResFinderC]: Download - Failed to download file SoundPointIPLocalization/French_France/SoundPointIP-dictionary.xml, errno 0x380003.
003333.628|so   |4|00|[SoLangC]: Failed to load new language - Rolling back to default language
003345.734|copy |4|00|Error downloading '/rfs0/SoundPointIP-dictionary.xml', this file has now been removed
003345.742|res  |4|00|[ResFinderC]: Download - Failed to download file SoundPointIPLocalization/French_France/SoundPointIP-dictionary.xml, errno 0x380003.
003345.744|so   |4|00|[SoLangC]: Failed to load new language - Rolling back to default language
010803.336|so   |4|00|[SoNcasC]: Icon(7)Set - State 37 - OOR !!
000000.220|log  |*|00|Log render level set to 3
000000.220|log  |*|00|All logs set to level 3
000004.806|log  |*|00|---------- Initial log entry ----------
000004.834|so   |*|00|Platform: Model=SoundPoint IP 330, Assembly=2345-12200-001 Rev=M Region=
000004.836|so   |*|00|Platform: MAC=0004f225648d, IP=172.16.110.41, Subnet Mask=255.255.255.0
000004.836|so   |*|00|Platform: BootBlock=2.7.0 (12200_001) 06-Oct-06 15:40
000004.836|so   |*|00|Platform: Bootrom=4.3.1.0440 30-Jun-11 11:58
000004.836|so   |*|00|Application, main: Label=SIP, Version=Wolverine 3.3.3.0069 02-Nov-11 13:03
000004.836|so   |*|00|Application, main: P/N=3150-11530-333
000004.836|pmt  |*|00|Initial log entry. Current logging level 4
000004.838|wdog |*|00|Initial log entry. Current logging level 4
000004.838|ethf |*|00|Initial log entry. Current logging level 4
000004.838|hw   |*|00|Initial log entry. Current logging level 4
000004.838|so   |5|00|utilCertificateInit failed.
000004.838|cert |*|00|Initial log entry. Current logging level 4
000004.840|cert |*|00|Using default and custom CA certificates
000004.848|cert |*|00|No custom CA certificate in flash
000004.848|cert |4|00|Custom CA certificate selected, but unable to read the certificate from flash
000004.850|cert |*|00|Polycom device certificate is not present
000004.854|cert |*|00|Custom device certificate is not present
000004.854|cert |*|00|Polycom device certificate selected but is not available
000004.854|so   |*|00|Mutual TLS authentication is not supported
000004.854|ares |*|00|Initial log entry. Current logging level 4
000004.854|dns  |*|00|Initial log entry. Current logging level 4
000004.854|cfg  |*|00|Initial log entry. Current logging level 4
000004.854|dns  |*|00|DNS resolver init - failure. Zero servers configured
000004.926|lic  |*|00|Initial log entry. Current logging level 4
000004.926|lic  |4|00|cfgCfsFlashKeyScratchLoad: key is blank
000004.968|curl |*|00|Initial log entry. Current logging level 4
000004.968|utilm|*|00|Initial log entry. Current logging level 4
000004.968|copy |*|00|Initial log entry. Current logging level 4
000004.968|rtos |*|00|Initial log entry. Current logging level 4
000004.970|sec  |*|00|Initial log entry. Current logging level 4
000005.142|cfg  |*|00|Prov|Starting to update 2345-12200-001.bootrom.ld
000006.094|cfg  |*|00|Prov|Starting to update 2345-12200-001.sip.ld
000006.486|utilm|4|00|uBLFCompressed: File /ffs0/Config/Local/phoneWeb.cfg does not exist or is empty
000006.488|cfg  |5|00|Prm|Error when decompressing configuration file /ffs0/Config/Local/phoneWeb.cfg
000006.500|so   |*|00|Configuration files: phone1_reg-basic.cfg, phone1_sip.cfg
000006.500|so   |*|00|Configuration file "phone1_reg-basic.cfg" SHA1 digest: B2948FEB875EE13E7F5D6FB0EAE1DA67A1DAC774
000006.500|so   |*|00|Configuration file "phone1_sip.cfg" SHA1 digest: 4122E3C840AD736F85F0573D6217635DAC6F712D
000006.500|rdisk|*|00|Initial log entry. Current logging level 4
000006.500|rdisk|5|00|Only 3213264 bytes free memory available, using minimum sized RAM disk. (51200 bytes)
000006.500|rdisk|4|00|Parameters make RAM disk too big, resizing to maximum size (51200)
000006.502|rdisk|*|00|RAM disk created and mounted at "/rfs0"
000006.502|rdisk|*|00|RAM disk created, size: 51,200 bytes
000006.502|rdisk|*|00|RAM disk size adjusted from 2,097,152 bytes due to limits
000006.506|dns  |*|00|DNS resolver init - failure. Zero servers configured
000006.526|so   |4|00|SNTP: initial soMain sync failed with server .
000006.526|log  |*|00|Log render level set to 1
000006.948|srtp |*|00|Initial log entry. Current logging level 4
000006.950|res  |*|00|Initial log entry. Current logging level 4
000006.954|httpa|*|00|Initial log entry. Current logging level 4
000006.954|lldp |*|00|Initial log entry. Current logging level 4
000006.954|lldp |*|00|No Native VLAN found
000006.954|lldp |*|00|No Auxiliary VLAN found
000006.954|lldp |*|00|LLDP power usage is 4.3 Watts.
000006.954|cdp  |*|00|Initial log entry. Current logging level 4
000006.954|pcd  |*|00|Initial log entry. Current logging level 4
000006.956|sys  |*|00|Initial log entry. Current logging level 4
000007.156|utilm|4|00|uBLFCompressed: File /ffs0/local/local-directory_xml.zzz does not exist or is empty
000007.298|cfg  |4|00|Edit|Error 0x380003 attempting stat of /ffs0/local/local-directory_xml.zzz
000007.300|ssps |*|00|Initial log entry. Current logging level 4
000009.710|dbuf |*|00|Initial log entry. Current logging level 4
000009.714|ssps |*|00|Application, comp. 1: Label=PolyDSP Titan Mem1 FS4, Version=5.1.2.0003 12-Nov-10 15:12
000009.714|ssps |*|00|Application, comp. 1: P/N=3150-11580-512.
000009.714|so   |*|00|System Info Reports:
000009.714|so   |*|00|    CPU is TNETV1055/C55x, rev 2 running at 125.000MHz with memory at 125.000MHz.
000009.714|so   |*|00|    Board is identified as PolycomSoundPointIP-SPIP_330.
000009.714|so   |*|00|    DRAM_LO: 0x94000000.  DRAM_SIZE: 16 MB
000009.714|so   |*|00|    Clocks are VBUSP: 125.000MHz, VBUS: 62.500MHz, USB: 25.000MHz, LCD: 125.000MHz, DSP: 100.000MHz.
000009.714|so   |*|00|  NOR flash detected is 8
000009.714|key  |*|00|Initial log entry. Current logging level 4
000009.718|httpd|*|00|Initial log entry. Current logging level 4
000009.722|poll |*|00|Initial log entry. Current logging level 4
000009.722|push |*|00|Initial log entry. Current logging level 4
000009.722|poll |*|00|Initial log entry. Current logging level 4
000009.722|poll |*|00|Initial log entry. Current logging level 4
000010.852|pps  |*|00|Initial log entry. Current logging level 4
000010.852|sip  |*|00|Initial log entry. Current logging level 4
000011.060|so   |*|00|Using TCP IP Media Port, configured initial RTP port 2222
